<?xml version="1.0" encoding="UTF-8"?>
<testsuite xmlns:xsi="http://www.w3.org/2001/XMLSchema-instance" xsi:noNamespaceSchemaLocation="https://maven.apache.org/surefire/maven-surefire-plugin/xsd/surefire-test-report.xsd" version="3.0.2" name="com.demo.wallet.dto.TransferTransactionDtoTest" time="0.021" tests="6" errors="0" skipped="0" failures="0">
  <properties>
[...]
</properties>
  <testcase name="testDocumentOriginShouldNotBeEmpty" classname="com.demo.wallet.dto.TransferTransactionDtoTest" time="0.005"/>
  <testcase name="testDocumentDestinationShouldNotBeEmpty" classname="com.demo.wallet.dto.TransferTransactionDtoTest" time="0.003"/>
  <testcase name="testDocumentSizeConstraint" classname="com.demo.wallet.dto.TransferTransactionDtoTest" time="0.002"/>
  <testcase name="testValidTransferTransactionDto" classname="com.demo.wallet.dto.TransferTransactionDtoTest" time="0.002"/>
  <testcase name="testTransactionValueMustBeGreaterThanZero" classname="com.demo.wallet.dto.TransferTransactionDtoTest" time="0.002"/>
  <testcase name="testTransactionValueShouldNotBeNull" classname="com.demo.wallet.dto.TransferTransactionDtoTest" time="0.006"/>
</testsuite>