<?xml version="1.0" encoding="UTF-8"?>
<testsuite xmlns:xsi="http://www.w3.org/2001/XMLSchema-instance" xsi:noNamespaceSchemaLocation="https://maven.apache.org/surefire/maven-surefire-plugin/xsd/surefire-test-report.xsd" version="3.0.2" name="com.demo.customer.dto.CustomerDtoTest" time="0.325" tests="7" errors="0" skipped="0" failures="0">
  <properties>
[...]
</properties>
  <testcase name="testDocumentSizeConstraint" classname="com.demo.customer.dto.CustomerDtoTest" time="0.281">
    <system-out><![CDATA[15:01:06.024 [main] INFO org.hibernate.validator.internal.util.Version -- HV000001: Hibernate Validator 8.0.1.Final
]]></system-out>
  </testcase>
  <testcase name="testNameShouldNotBeEmpty" classname="com.demo.customer.dto.CustomerDtoTest" time="0.006"/>
  <testcase name="testValidCustomerDto" classname="com.demo.customer.dto.CustomerDtoTest" time="0.005"/>
  <testcase name="testNameSizeConstraint" classname="com.demo.customer.dto.CustomerDtoTest" time="0.004"/>
  <testcase name="testDocumentShouldNotBeEmpty" classname="com.demo.customer.dto.CustomerDtoTest" time="0.003"/>
  <testcase name="testEmailShouldNotBeEmpty" classname="com.demo.customer.dto.CustomerDtoTest" time="0.007"/>
  <testcase name="testEmailSizeConstraint" classname="com.demo.customer.dto.CustomerDtoTest" time="0.003"/>
</testsuite>